<?xml version="1.0" encoding="UTF-8"?>
<!-- Generated by org.testng.reporters.JUnitReportReporter -->
<testsuite hostname="DESKTOP-T4NH2PH" failures="0" tests="2" name="testclasses.LoginPageTest" time="1.019" errors="0" timestamp="2024-08-23T12:45:03 IST" skipped="0">
  <testcase classname="testclasses.LoginPageTest" name="loginWithCorrectCredentials" time="0.994"/>
  <system-out/>
  <testcase classname="testclasses.LoginPageTest" name="checkPageTitle" time="0.025"/>
  <system-out/>
</testsuite> <!-- testclasses.LoginPageTest -->
